<?xml version="1.0" encoding="UTF-8"?>
<testsuite name="com.tw.MultiplicationTableTest" tests="1" skipped="0" failures="0" errors="0" timestamp="2022-08-30T07:42:25" hostname="MNLITA03-W10" time="0.017">
  <properties/>
  <testcase name="should_return_false_when_validate_given_start_bigger_than_end()" classname="com.tw.MultiplicationTableTest" time="0.017"/>
  <system-out><![CDATA[]]></system-out>
  <system-err><![CDATA[]]></system-err>
</testsuite>
