<?xml version="1.0" encoding="UTF-8"?>
<testsuite name="com.tw.MultiplicationTableTest" tests="1" skipped="0" failures="0" errors="0" timestamp="2022-08-30T08:55:15" hostname="MNLITA03-W10" time="0.015">
  <properties/>
  <testcase name="should_return_single_equation_when_multiply_given_start_number_2_end_number_2()" classname="com.tw.MultiplicationTableTest" time="0.015"/>
  <system-out><![CDATA[]]></system-out>
  <system-err><![CDATA[]]></system-err>
</testsuite>
